<?xml version="1.0" encoding="UTF-8"?>
<!-- Generated by org.testng.reporters.JUnitReportReporter -->
<testsuite hostname="DESKTOP-1U92PBD" failures="0" tests="1" name="Sprint2Git.StringCount" time="0.029" errors="0" timestamp="2023-01-06T20:53:59 CST" skipped="0">
  <testcase classname="Sprint2Git.StringCount" name="run1" time="0.029"/>
  <system-out/>
</testsuite> <!-- Sprint2Git.StringCount -->
