<?xml version="1.0" encoding="UTF-8"?>
<!-- Generated by org.testng.reporters.JUnitReportReporter -->
<testsuite hostname="DESKTOP-1U92PBD" failures="0" tests="1" name="Sprint2Git.StringPrefix" time="0.031" errors="0" timestamp="2023-01-06T22:02:28 CST" skipped="0">
  <testcase classname="Sprint2Git.StringPrefix" name="run" time="0.031"/>
  <system-out/>
</testsuite> <!-- Sprint2Git.StringPrefix -->
