<?xml version="1.0" encoding="UTF-8"?>
<!-- Generated by org.testng.reporters.JUnitReportReporter -->
<testsuite hostname="DESKTOP-1U92PBD" failures="0" tests="4" name="Sprint2Git.StringPrefix" time="0.015" errors="0" timestamp="2023-01-07T08:52:17 CST" skipped="0">
  <testcase classname="Sprint2Git.StringPrefix" name="run1" time="0.011"/>
  <system-out/>
  <testcase classname="Sprint2Git.StringPrefix" name="run2" time="0.002"/>
  <system-out/>
  <testcase classname="Sprint2Git.StringPrefix" name="run3" time="0.001"/>
  <system-out/>
  <testcase classname="Sprint2Git.StringPrefix" name="run4" time="0.001"/>
  <system-out/>
</testsuite> <!-- Sprint2Git.StringPrefix -->
