<?xml version="1.0" encoding="UTF-8"?>
<!-- Generated by org.testng.reporters.JUnitReportReporter -->
<testsuite hostname="DESKTOP-1U92PBD" failures="0" tests="3" name="Sprint2Git.StringFormat" time="0.016" errors="0" timestamp="2023-01-06T13:45:46 CST" skipped="0">
  <testcase classname="Sprint2Git.StringFormat" name="run2" time="0.001"/>
  <system-out/>
  <testcase classname="Sprint2Git.StringFormat" name="run3" time="0.002"/>
  <system-out/>
  <testcase classname="Sprint2Git.StringFormat" name="run1" time="0.013"/>
  <system-out/>
</testsuite> <!-- Sprint2Git.StringFormat -->
