<?xml version="1.0" encoding="UTF-8"?>
<!-- Generated by org.testng.reporters.JUnitReportReporter -->
<testsuite hostname="DESKTOP-1U92PBD" failures="0" tests="2" name="Sprint2Git.StringSwap" time="0.034" errors="0" timestamp="2023-01-06T21:16:49 CST" skipped="0">
  <testcase classname="Sprint2Git.StringSwap" name="run1" time="0.030"/>
  <system-out/>
  <testcase classname="Sprint2Git.StringSwap" name="run2" time="0.004"/>
  <system-out/>
</testsuite> <!-- Sprint2Git.StringSwap -->
