<?xml version="1.0" encoding="UTF-8"?>
<!-- Generated by org.testng.reporters.JUnitReportReporter -->
<testsuite hostname="DESKTOP-1U92PBD" failures="0" tests="1" name="Sprint2Git.StringPattern" time="0.010" errors="0" timestamp="2023-01-22T15:42:03 CST" skipped="0">
  <testcase classname="Sprint2Git.StringPattern" name="run" time="0.010"/>
  <system-out/>
</testsuite> <!-- Sprint2Git.StringPattern -->
