<?xml version="1.0" encoding="UTF-8"?>
<!-- Generated by org.testng.reporters.JUnitReportReporter -->
<testsuite hostname="DESKTOP-1U92PBD" failures="0" tests="1" name="Sprint2Git.Customer_order" time="15.351" errors="0" timestamp="2023-01-07T17:12:48 CST" skipped="0">
  <testcase classname="Sprint2Git.Customer_order" name="run" time="15.351"/>
  <system-out/>
</testsuite> <!-- Sprint2Git.Customer_order -->
